info: Microsoft.AspNetCore.DataProtection.KeyManagement.XmlKeyManager[0]
      User profile is available. Using 'C:\Users\Daniel Ledger 13HJK\AppData\Local\ASP.NET\DataProtection-Keys' as key repository and Windows DPAPI to encrypt keys at rest.
Hosting environment: Development
Content root path: C:\Users\Daniel Ledger 13HJK\Documents\CourseWork\AutoQuestion-Generator-CW\AutoQuestionGenerator\AutoQuestionGenerator
Now listening on: http://127.0.0.1:33172
Application started. Press Ctrl+C to shut down.
info: Microsoft.AspNetCore.Hosting.Internal.WebHost[1]
      Request starting HTTP/1.1 GET http://localhost:44319/  
info: Microsoft.AspNetCore.Hosting.Internal.WebHost[1]
      Request starting HTTP/1.1 DEBUG http://localhost:64499/  0
info: Microsoft.AspNetCore.Hosting.Internal.WebHost[2]
      Request finished in 46.6122ms 200 
info: Microsoft.AspNetCore.Mvc.Internal.ControllerActionInvoker[1]
      Route matched with {action = "Index", controller = "Home"}. Executing action AutoQuestionGenerator.Controllers.HomeController.Index (AutoQuestionGenerator)
info: Microsoft.AspNetCore.Mvc.Internal.ControllerActionInvoker[1]
      Executing action method AutoQuestionGenerator.Controllers.HomeController.Index (AutoQuestionGenerator) - Validation state: Valid
info: Microsoft.AspNetCore.Mvc.Internal.ControllerActionInvoker[2]
      Executed action method AutoQuestionGenerator.Controllers.HomeController.Index (AutoQuestionGenerator), returned result Microsoft.AspNetCore.Mvc.ViewResult in 1.6378ms.
info: Microsoft.AspNetCore.Mvc.ViewFeatures.ViewResultExecutor[1]
      Executing ViewResult, running view Index.
info: Microsoft.AspNetCore.Session.DistributedSession[2]
      Accessing expired session, Key:d93ca47e-89b3-261c-5e73-382befc10c8b
info: Microsoft.AspNetCore.Mvc.ViewFeatures.ViewResultExecutor[4]
      Executed ViewResult - view Index executed in 190.518ms.
info: Microsoft.AspNetCore.Mvc.Internal.ControllerActionInvoker[2]
      Executed action AutoQuestionGenerator.Controllers.HomeController.Index (AutoQuestionGenerator) in 281.1188ms
info: Microsoft.AspNetCore.Hosting.Internal.WebHost[2]
      Request finished in 605.5874ms 200 text/html; charset=utf-8
info: Microsoft.AspNetCore.Hosting.Internal.WebHost[1]
      Request starting HTTP/1.1 GET http://localhost:44319/User/Login  
info: Microsoft.AspNetCore.Mvc.Internal.ControllerActionInvoker[1]
      Route matched with {action = "Login", controller = "User"}. Executing action AutoQuestionGenerator.Controllers.UserController.Login (AutoQuestionGenerator)
info: Microsoft.AspNetCore.Mvc.Internal.ControllerActionInvoker[1]
      Executing action method AutoQuestionGenerator.Controllers.UserController.Login (AutoQuestionGenerator) - Validation state: Valid
info: Microsoft.AspNetCore.Mvc.Internal.ControllerActionInvoker[2]
      Executed action method AutoQuestionGenerator.Controllers.UserController.Login (AutoQuestionGenerator), returned result Microsoft.AspNetCore.Mvc.ViewResult in 0.3801ms.
info: Microsoft.AspNetCore.Mvc.ViewFeatures.ViewResultExecutor[1]
      Executing ViewResult, running view Login.
info: Microsoft.AspNetCore.Session.DistributedSession[2]
      Accessing expired session, Key:d93ca47e-89b3-261c-5e73-382befc10c8b
info: Microsoft.AspNetCore.Mvc.ViewFeatures.ViewResultExecutor[4]
      Executed ViewResult - view Login executed in 56.1697ms.
info: Microsoft.AspNetCore.Mvc.Internal.ControllerActionInvoker[2]
      Executed action AutoQuestionGenerator.Controllers.UserController.Login (AutoQuestionGenerator) in 68.152ms
info: Microsoft.AspNetCore.Hosting.Internal.WebHost[2]
      Request finished in 81.6875ms 200 text/html; charset=utf-8
info: Microsoft.AspNetCore.Hosting.Internal.WebHost[1]
      Request starting HTTP/1.1 POST http://localhost:44319/User/Login application/x-www-form-urlencoded 234
info: Microsoft.AspNetCore.Mvc.Internal.ControllerActionInvoker[1]
      Route matched with {action = "Login", controller = "User"}. Executing action AutoQuestionGenerator.Controllers.UserController.Login (AutoQuestionGenerator)
info: Microsoft.AspNetCore.Mvc.Internal.ControllerActionInvoker[1]
      Executing action method AutoQuestionGenerator.Controllers.UserController.Login (AutoQuestionGenerator) with arguments (AutoQuestionGenerator.Models.LoginViewModel, ) - Validation state: Valid
info: Microsoft.AspNetCore.Session.DistributedSession[2]
      Accessing expired session, Key:d93ca47e-89b3-261c-5e73-382befc10c8b
info: Microsoft.AspNetCore.Mvc.Internal.ControllerActionInvoker[2]
      Executed action method AutoQuestionGenerator.Controllers.UserController.Login (AutoQuestionGenerator), returned result Microsoft.AspNetCore.Mvc.RedirectToActionResult in 335.6974ms.
info: Microsoft.AspNetCore.Mvc.RedirectToActionResult[1]
      Executing RedirectResult, redirecting to /.
info: Microsoft.AspNetCore.Mvc.Internal.ControllerActionInvoker[2]
      Executed action AutoQuestionGenerator.Controllers.UserController.Login (AutoQuestionGenerator) in 408.4851ms
info: Microsoft.AspNetCore.Session.DistributedSession[3]
      Session started; Key:d93ca47e-89b3-261c-5e73-382befc10c8b, Id:f40867ac-06f8-8221-815c-51450e7fb575
info: Microsoft.AspNetCore.Hosting.Internal.WebHost[2]
      Request finished in 438.1686ms 302 
info: Microsoft.AspNetCore.Hosting.Internal.WebHost[1]
      Request starting HTTP/1.1 GET http://localhost:44319/  
info: Microsoft.AspNetCore.Mvc.Internal.ControllerActionInvoker[1]
      Route matched with {action = "Index", controller = "Home"}. Executing action AutoQuestionGenerator.Controllers.HomeController.Index (AutoQuestionGenerator)
info: Microsoft.AspNetCore.Mvc.Internal.ControllerActionInvoker[1]
      Executing action method AutoQuestionGenerator.Controllers.HomeController.Index (AutoQuestionGenerator) - Validation state: Valid
info: Microsoft.AspNetCore.Mvc.Internal.ControllerActionInvoker[2]
      Executed action method AutoQuestionGenerator.Controllers.HomeController.Index (AutoQuestionGenerator), returned result Microsoft.AspNetCore.Mvc.ViewResult in 0.0538ms.
info: Microsoft.AspNetCore.Mvc.ViewFeatures.ViewResultExecutor[1]
      Executing ViewResult, running view Index.
info: Microsoft.AspNetCore.Mvc.ViewFeatures.ViewResultExecutor[4]
      Executed ViewResult - view Index executed in 48.6826ms.
info: Microsoft.AspNetCore.Mvc.Internal.ControllerActionInvoker[2]
      Executed action AutoQuestionGenerator.Controllers.HomeController.Index (AutoQuestionGenerator) in 56.4621ms
info: Microsoft.AspNetCore.Hosting.Internal.WebHost[2]
      Request finished in 64.9788ms 200 text/html; charset=utf-8
info: Microsoft.AspNetCore.Hosting.Internal.WebHost[1]
      Request starting HTTP/1.1 GET http://localhost:44319/Work/Set  
info: Microsoft.AspNetCore.Mvc.Internal.ControllerActionInvoker[1]
      Route matched with {action = "Set", controller = "Work"}. Executing action AutoQuestionGenerator.Controllers.WorkController.Set (AutoQuestionGenerator)
info: Microsoft.AspNetCore.Mvc.Internal.ControllerActionInvoker[1]
      Executing action method AutoQuestionGenerator.Controllers.WorkController.Set (AutoQuestionGenerator) - Validation state: Valid
info: Microsoft.AspNetCore.Mvc.Internal.ControllerActionInvoker[2]
      Executed action method AutoQuestionGenerator.Controllers.WorkController.Set (AutoQuestionGenerator), returned result Microsoft.AspNetCore.Mvc.ViewResult in 72.2357ms.
info: Microsoft.AspNetCore.Mvc.ViewFeatures.ViewResultExecutor[1]
      Executing ViewResult, running view Set.
info: Microsoft.AspNetCore.Mvc.ViewFeatures.ViewResultExecutor[4]
      Executed ViewResult - view Set executed in 30.9274ms.
info: Microsoft.AspNetCore.Mvc.Internal.ControllerActionInvoker[2]
      Executed action AutoQuestionGenerator.Controllers.WorkController.Set (AutoQuestionGenerator) in 116.8787ms
info: Microsoft.AspNetCore.Hosting.Internal.WebHost[2]
      Request finished in 126.6491ms 200 text/html; charset=utf-8
info: Microsoft.AspNetCore.Hosting.Internal.WebHost[1]
      Request starting HTTP/1.1 GET http://localhost:44319/lib/bootstrap/dist/css/bootstrap.css.map  
info: Microsoft.AspNetCore.StaticFiles.StaticFileMiddleware[2]
      Sending file. Request path: '/lib/bootstrap/dist/css/bootstrap.css.map'. Physical path: 'C:\Users\Daniel Ledger 13HJK\Documents\CourseWork\AutoQuestion-Generator-CW\AutoQuestionGenerator\AutoQuestionGenerator\wwwroot\lib\bootstrap\dist\css\bootstrap.css.map'
info: Microsoft.AspNetCore.Hosting.Internal.WebHost[2]
      Request finished in 56.238ms 200 text/plain
info: Microsoft.AspNetCore.Hosting.Internal.WebHost[1]
      Request starting HTTP/1.1 GET http://localhost:44319/Work/Set  
info: Microsoft.AspNetCore.Mvc.Internal.ControllerActionInvoker[1]
      Route matched with {action = "Set", controller = "Work"}. Executing action AutoQuestionGenerator.Controllers.WorkController.Set (AutoQuestionGenerator)
info: Microsoft.AspNetCore.Mvc.Internal.ControllerActionInvoker[1]
      Executing action method AutoQuestionGenerator.Controllers.WorkController.Set (AutoQuestionGenerator) - Validation state: Valid
info: Microsoft.AspNetCore.Mvc.Internal.ControllerActionInvoker[2]
      Executed action method AutoQuestionGenerator.Controllers.WorkController.Set (AutoQuestionGenerator), returned result Microsoft.AspNetCore.Mvc.ViewResult in 15.0369ms.
info: Microsoft.AspNetCore.Mvc.ViewFeatures.ViewResultExecutor[1]
      Executing ViewResult, running view Set.
info: Microsoft.AspNetCore.Mvc.ViewFeatures.ViewResultExecutor[4]
      Executed ViewResult - view Set executed in 7.5159ms.
info: Microsoft.AspNetCore.Mvc.Internal.ControllerActionInvoker[2]
      Executed action AutoQuestionGenerator.Controllers.WorkController.Set (AutoQuestionGenerator) in 30.1093ms
info: Microsoft.AspNetCore.Hosting.Internal.WebHost[2]
      Request finished in 36.7875ms 200 text/html; charset=utf-8
info: Microsoft.AspNetCore.Hosting.Internal.WebHost[1]
      Request starting HTTP/1.1 GET http://localhost:44319/css/site.css  
info: Microsoft.AspNetCore.Hosting.Internal.WebHost[1]
      Request starting HTTP/1.1 GET http://localhost:44319/lib/bootstrap/dist/css/bootstrap.css  
info: Microsoft.AspNetCore.Hosting.Internal.WebHost[1]
      Request starting HTTP/1.1 GET http://localhost:44319/js/jquery.min.js?v=ZGDrEDepi7wiK__KLmduhM4g4yA-Dq7yXUoaGHQoqz8  
info: Microsoft.AspNetCore.StaticFiles.StaticFileMiddleware[2]
      Sending file. Request path: '/css/site.css'. Physical path: 'C:\Users\Daniel Ledger 13HJK\Documents\CourseWork\AutoQuestion-Generator-CW\AutoQuestionGenerator\AutoQuestionGenerator\wwwroot\css\site.css'
info: Microsoft.AspNetCore.Hosting.Internal.WebHost[1]
      Request starting HTTP/1.1 GET http://localhost:44319/lib/chartjs/utils.js?v=ydbn73Etkp4uFy3JSw1P1V-dieLrHWeV8pdYgpWFzp4  
info: Microsoft.AspNetCore.Hosting.Internal.WebHost[2]
      Request finished in 61.2891ms 200 text/css
info: Microsoft.AspNetCore.StaticFiles.StaticFileMiddleware[2]
      Sending file. Request path: '/lib/chartjs/utils.js'. Physical path: 'C:\Users\Daniel Ledger 13HJK\Documents\CourseWork\AutoQuestion-Generator-CW\AutoQuestionGenerator\AutoQuestionGenerator\wwwroot\lib\chartjs\utils.js'
info: Microsoft.AspNetCore.Hosting.Internal.WebHost[1]
      Request starting HTTP/1.1 GET http://localhost:44319/lib/chartjs/Chart.js?v=rjYnB0Bull7k2XkbJ03UNGqMuMieR769uQVGSSlsi6A  
info: Microsoft.AspNetCore.StaticFiles.StaticFileMiddleware[2]
      Sending file. Request path: '/lib/bootstrap/dist/css/bootstrap.css'. Physical path: 'C:\Users\Daniel Ledger 13HJK\Documents\CourseWork\AutoQuestion-Generator-CW\AutoQuestionGenerator\AutoQuestionGenerator\wwwroot\lib\bootstrap\dist\css\bootstrap.css'
info: Microsoft.AspNetCore.StaticFiles.StaticFileMiddleware[2]
      Sending file. Request path: '/js/jquery.min.js'. Physical path: 'C:\Users\Daniel Ledger 13HJK\Documents\CourseWork\AutoQuestion-Generator-CW\AutoQuestionGenerator\AutoQuestionGenerator\wwwroot\js\jquery.min.js'
info: Microsoft.AspNetCore.Hosting.Internal.WebHost[1]
      Request starting HTTP/1.1 GET http://localhost:44319/js/site.js?v=wTIn3g5cgUFDtEXOADtAdXLUxEAKR5VoOKEFfRr3pD4  
info: Microsoft.AspNetCore.Hosting.Internal.WebHost[2]
      Request finished in 77.1253ms 200 application/javascript
info: Microsoft.AspNetCore.Hosting.Internal.WebHost[2]
      Request finished in 129.8064ms 200 text/css
info: Microsoft.AspNetCore.Hosting.Internal.WebHost[2]
      Request finished in 131.1668ms 200 application/javascript
info: Microsoft.AspNetCore.StaticFiles.StaticFileMiddleware[2]
      Sending file. Request path: '/js/site.js'. Physical path: 'C:\Users\Daniel Ledger 13HJK\Documents\CourseWork\AutoQuestion-Generator-CW\AutoQuestionGenerator\AutoQuestionGenerator\wwwroot\js\site.js'
info: Microsoft.AspNetCore.Hosting.Internal.WebHost[2]
      Request finished in 54.2354ms 200 application/javascript
info: Microsoft.AspNetCore.StaticFiles.StaticFileMiddleware[2]
      Sending file. Request path: '/lib/chartjs/Chart.js'. Physical path: 'C:\Users\Daniel Ledger 13HJK\Documents\CourseWork\AutoQuestion-Generator-CW\AutoQuestionGenerator\AutoQuestionGenerator\wwwroot\lib\chartjs\Chart.js'
info: Microsoft.AspNetCore.Hosting.Internal.WebHost[2]
      Request finished in 85.031ms 200 application/javascript
info: Microsoft.AspNetCore.Hosting.Internal.WebHost[1]
      Request starting HTTP/1.1 GET http://localhost:44319/favicon.ico  
info: Microsoft.AspNetCore.StaticFiles.StaticFileMiddleware[2]
      Sending file. Request path: '/favicon.ico'. Physical path: 'C:\Users\Daniel Ledger 13HJK\Documents\CourseWork\AutoQuestion-Generator-CW\AutoQuestionGenerator\AutoQuestionGenerator\wwwroot\favicon.ico'
info: Microsoft.AspNetCore.Hosting.Internal.WebHost[2]
      Request finished in 11.3574ms 200 image/x-icon
info: Microsoft.AspNetCore.Hosting.Internal.WebHost[1]
      Request starting HTTP/1.1 GET http://localhost:44319/lib/bootstrap/dist/css/bootstrap.css.map  
info: Microsoft.AspNetCore.StaticFiles.StaticFileMiddleware[2]
      Sending file. Request path: '/lib/bootstrap/dist/css/bootstrap.css.map'. Physical path: 'C:\Users\Daniel Ledger 13HJK\Documents\CourseWork\AutoQuestion-Generator-CW\AutoQuestionGenerator\AutoQuestionGenerator\wwwroot\lib\bootstrap\dist\css\bootstrap.css.map'
info: Microsoft.AspNetCore.Hosting.Internal.WebHost[2]
      Request finished in 15.1077ms 200 text/plain
info: Microsoft.AspNetCore.Hosting.Internal.WebHost[1]
      Request starting HTTP/1.1 GET http://localhost:44319/Work/Set  
info: Microsoft.AspNetCore.Mvc.Internal.ControllerActionInvoker[1]
      Route matched with {action = "Set", controller = "Work"}. Executing action AutoQuestionGenerator.Controllers.WorkController.Set (AutoQuestionGenerator)
info: Microsoft.AspNetCore.Mvc.Internal.ControllerActionInvoker[1]
      Executing action method AutoQuestionGenerator.Controllers.WorkController.Set (AutoQuestionGenerator) - Validation state: Valid
info: Microsoft.AspNetCore.Mvc.Internal.ControllerActionInvoker[2]
      Executed action method AutoQuestionGenerator.Controllers.WorkController.Set (AutoQuestionGenerator), returned result Microsoft.AspNetCore.Mvc.ViewResult in 14.7989ms.
info: Microsoft.AspNetCore.Mvc.ViewFeatures.ViewResultExecutor[1]
      Executing ViewResult, running view Set.
info: Microsoft.AspNetCore.Mvc.ViewFeatures.ViewResultExecutor[4]
      Executed ViewResult - view Set executed in 6.8449ms.
info: Microsoft.AspNetCore.Mvc.Internal.ControllerActionInvoker[2]
      Executed action AutoQuestionGenerator.Controllers.WorkController.Set (AutoQuestionGenerator) in 29.2552ms
info: Microsoft.AspNetCore.Hosting.Internal.WebHost[2]
      Request finished in 38.0699ms 200 text/html; charset=utf-8
info: Microsoft.AspNetCore.Hosting.Internal.WebHost[1]
      Request starting HTTP/1.1 GET http://localhost:44319/lib/bootstrap/dist/css/bootstrap.css  
info: Microsoft.AspNetCore.Hosting.Internal.WebHost[1]
      Request starting HTTP/1.1 GET http://localhost:44319/css/site.css  
info: Microsoft.AspNetCore.Hosting.Internal.WebHost[1]
      Request starting HTTP/1.1 GET http://localhost:44319/js/jquery.min.js?v=ZGDrEDepi7wiK__KLmduhM4g4yA-Dq7yXUoaGHQoqz8  
info: Microsoft.AspNetCore.Hosting.Internal.WebHost[1]
      Request starting HTTP/1.1 GET http://localhost:44319/js/site.js?v=wTIn3g5cgUFDtEXOADtAdXLUxEAKR5VoOKEFfRr3pD4  
info: Microsoft.AspNetCore.Hosting.Internal.WebHost[1]
      Request starting HTTP/1.1 GET http://localhost:44319/lib/chartjs/Chart.js?v=rjYnB0Bull7k2XkbJ03UNGqMuMieR769uQVGSSlsi6A  
info: Microsoft.AspNetCore.Hosting.Internal.WebHost[1]
      Request starting HTTP/1.1 GET http://localhost:44319/lib/chartjs/utils.js?v=ydbn73Etkp4uFy3JSw1P1V-dieLrHWeV8pdYgpWFzp4  
info: Microsoft.AspNetCore.StaticFiles.StaticFileMiddleware[2]
      Sending file. Request path: '/js/jquery.min.js'. Physical path: 'C:\Users\Daniel Ledger 13HJK\Documents\CourseWork\AutoQuestion-Generator-CW\AutoQuestionGenerator\AutoQuestionGenerator\wwwroot\js\jquery.min.js'
info: Microsoft.AspNetCore.StaticFiles.StaticFileMiddleware[2]
      Sending file. Request path: '/js/site.js'. Physical path: 'C:\Users\Daniel Ledger 13HJK\Documents\CourseWork\AutoQuestion-Generator-CW\AutoQuestionGenerator\AutoQuestionGenerator\wwwroot\js\site.js'
info: Microsoft.AspNetCore.StaticFiles.StaticFileMiddleware[2]
      Sending file. Request path: '/css/site.css'. Physical path: 'C:\Users\Daniel Ledger 13HJK\Documents\CourseWork\AutoQuestion-Generator-CW\AutoQuestionGenerator\AutoQuestionGenerator\wwwroot\css\site.css'
info: Microsoft.AspNetCore.StaticFiles.StaticFileMiddleware[2]
      Sending file. Request path: '/lib/chartjs/utils.js'. Physical path: 'C:\Users\Daniel Ledger 13HJK\Documents\CourseWork\AutoQuestion-Generator-CW\AutoQuestionGenerator\AutoQuestionGenerator\wwwroot\lib\chartjs\utils.js'
info: Microsoft.AspNetCore.StaticFiles.StaticFileMiddleware[2]
      Sending file. Request path: '/lib/bootstrap/dist/css/bootstrap.css'. Physical path: 'C:\Users\Daniel Ledger 13HJK\Documents\CourseWork\AutoQuestion-Generator-CW\AutoQuestionGenerator\AutoQuestionGenerator\wwwroot\lib\bootstrap\dist\css\bootstrap.css'
info: Microsoft.AspNetCore.Hosting.Internal.WebHost[2]
      Request finished in 41.9587ms 200 application/javascript
info: Microsoft.AspNetCore.Hosting.Internal.WebHost[2]
      Request finished in 46.3347ms 200 application/javascript
info: Microsoft.AspNetCore.Hosting.Internal.WebHost[2]
      Request finished in 54.3349ms 200 text/css
info: Microsoft.AspNetCore.Hosting.Internal.WebHost[2]
      Request finished in 71.2703ms 200 application/javascript
info: Microsoft.AspNetCore.Hosting.Internal.WebHost[2]
      Request finished in 76.3143ms 200 text/css
info: Microsoft.AspNetCore.StaticFiles.StaticFileMiddleware[2]
      Sending file. Request path: '/lib/chartjs/Chart.js'. Physical path: 'C:\Users\Daniel Ledger 13HJK\Documents\CourseWork\AutoQuestion-Generator-CW\AutoQuestionGenerator\AutoQuestionGenerator\wwwroot\lib\chartjs\Chart.js'
info: Microsoft.AspNetCore.Hosting.Internal.WebHost[2]
      Request finished in 91.7667ms 200 application/javascript
info: Microsoft.AspNetCore.Hosting.Internal.WebHost[1]
      Request starting HTTP/1.1 GET http://localhost:44319/lib/bootstrap/dist/css/bootstrap.css.map  
info: Microsoft.AspNetCore.StaticFiles.StaticFileMiddleware[2]
      Sending file. Request path: '/lib/bootstrap/dist/css/bootstrap.css.map'. Physical path: 'C:\Users\Daniel Ledger 13HJK\Documents\CourseWork\AutoQuestion-Generator-CW\AutoQuestionGenerator\AutoQuestionGenerator\wwwroot\lib\bootstrap\dist\css\bootstrap.css.map'
info: Microsoft.AspNetCore.Hosting.Internal.WebHost[2]
      Request finished in 15.5068ms 200 text/plain
info: Microsoft.AspNetCore.Hosting.Internal.WebHost[1]
      Request starting HTTP/1.1 GET http://localhost:44319/Set/Results?setID=41  
info: Microsoft.AspNetCore.Mvc.Internal.ControllerActionInvoker[1]
      Route matched with {action = "Results", controller = "Set"}. Executing action AutoQuestionGenerator.Controllers.SetController.Results (AutoQuestionGenerator)
info: Microsoft.AspNetCore.Mvc.Internal.ControllerActionInvoker[1]
      Executing action method AutoQuestionGenerator.Controllers.SetController.Results (AutoQuestionGenerator) with arguments (41) - Validation state: Valid
info: Microsoft.AspNetCore.Mvc.Internal.ControllerActionInvoker[2]
      Executed action method AutoQuestionGenerator.Controllers.SetController.Results (AutoQuestionGenerator), returned result Microsoft.AspNetCore.Mvc.ViewResult in 211.99ms.
info: Microsoft.AspNetCore.Mvc.ViewFeatures.ViewResultExecutor[1]
      Executing ViewResult, running view Results.
info: Microsoft.AspNetCore.Mvc.ViewFeatures.ViewResultExecutor[4]
      Executed ViewResult - view Results executed in 31.407ms.
info: Microsoft.AspNetCore.Mvc.Internal.ControllerActionInvoker[2]
      Executed action AutoQuestionGenerator.Controllers.SetController.Results (AutoQuestionGenerator) in 254.2734ms
info: Microsoft.AspNetCore.Hosting.Internal.WebHost[2]
      Request finished in 265.396ms 200 text/html; charset=utf-8
info: Microsoft.AspNetCore.Hosting.Internal.WebHost[1]
      Request starting HTTP/1.1 GET http://localhost:44319/lib/bootstrap/dist/css/bootstrap.css  
info: Microsoft.AspNetCore.Hosting.Internal.WebHost[1]
      Request starting HTTP/1.1 GET http://localhost:44319/lib/chartjs/Chart.js?v=rjYnB0Bull7k2XkbJ03UNGqMuMieR769uQVGSSlsi6A  
info: Microsoft.AspNetCore.Hosting.Internal.WebHost[1]
      Request starting HTTP/1.1 GET http://localhost:44319/lib/chartjs/utils.js?v=ydbn73Etkp4uFy3JSw1P1V-dieLrHWeV8pdYgpWFzp4  
info: Microsoft.AspNetCore.Hosting.Internal.WebHost[1]
      Request starting HTTP/1.1 GET http://localhost:44319/js/site.js?v=wTIn3g5cgUFDtEXOADtAdXLUxEAKR5VoOKEFfRr3pD4  
info: Microsoft.AspNetCore.Hosting.Internal.WebHost[1]
      Request starting HTTP/1.1 GET http://localhost:44319/css/site.css  
info: Microsoft.AspNetCore.Hosting.Internal.WebHost[1]
      Request starting HTTP/1.1 GET http://localhost:44319/js/jquery.min.js?v=ZGDrEDepi7wiK__KLmduhM4g4yA-Dq7yXUoaGHQoqz8  
info: Microsoft.AspNetCore.StaticFiles.StaticFileMiddleware[2]
      Sending file. Request path: '/lib/chartjs/utils.js'. Physical path: 'C:\Users\Daniel Ledger 13HJK\Documents\CourseWork\AutoQuestion-Generator-CW\AutoQuestionGenerator\AutoQuestionGenerator\wwwroot\lib\chartjs\utils.js'
info: Microsoft.AspNetCore.StaticFiles.StaticFileMiddleware[2]
      Sending file. Request path: '/lib/bootstrap/dist/css/bootstrap.css'. Physical path: 'C:\Users\Daniel Ledger 13HJK\Documents\CourseWork\AutoQuestion-Generator-CW\AutoQuestionGenerator\AutoQuestionGenerator\wwwroot\lib\bootstrap\dist\css\bootstrap.css'
info: Microsoft.AspNetCore.Hosting.Internal.WebHost[2]
      Request finished in 29.8959ms 200 application/javascript
info: Microsoft.AspNetCore.StaticFiles.StaticFileMiddleware[2]
      Sending file. Request path: '/js/jquery.min.js'. Physical path: 'C:\Users\Daniel Ledger 13HJK\Documents\CourseWork\AutoQuestion-Generator-CW\AutoQuestionGenerator\AutoQuestionGenerator\wwwroot\js\jquery.min.js'
info: Microsoft.AspNetCore.StaticFiles.StaticFileMiddleware[2]
      Sending file. Request path: '/js/site.js'. Physical path: 'C:\Users\Daniel Ledger 13HJK\Documents\CourseWork\AutoQuestion-Generator-CW\AutoQuestionGenerator\AutoQuestionGenerator\wwwroot\js\site.js'
info: Microsoft.AspNetCore.Hosting.Internal.WebHost[2]
      Request finished in 50.9211ms 200 text/css
info: Microsoft.AspNetCore.StaticFiles.StaticFileMiddleware[2]
      Sending file. Request path: '/css/site.css'. Physical path: 'C:\Users\Daniel Ledger 13HJK\Documents\CourseWork\AutoQuestion-Generator-CW\AutoQuestionGenerator\AutoQuestionGenerator\wwwroot\css\site.css'
info: Microsoft.AspNetCore.Hosting.Internal.WebHost[2]
      Request finished in 60.216ms 200 application/javascript
info: Microsoft.AspNetCore.Hosting.Internal.WebHost[2]
      Request finished in 67.0014ms 200 application/javascript
info: Microsoft.AspNetCore.Hosting.Internal.WebHost[2]
      Request finished in 83.864ms 200 text/css
info: Microsoft.AspNetCore.StaticFiles.StaticFileMiddleware[2]
      Sending file. Request path: '/lib/chartjs/Chart.js'. Physical path: 'C:\Users\Daniel Ledger 13HJK\Documents\CourseWork\AutoQuestion-Generator-CW\AutoQuestionGenerator\AutoQuestionGenerator\wwwroot\lib\chartjs\Chart.js'
info: Microsoft.AspNetCore.Hosting.Internal.WebHost[2]
      Request finished in 104.0552ms 200 application/javascript
info: Microsoft.AspNetCore.Hosting.Internal.WebHost[1]
      Request starting HTTP/1.1 GET http://localhost:44319/lib/bootstrap/dist/css/bootstrap.css.map  
info: Microsoft.AspNetCore.StaticFiles.StaticFileMiddleware[2]
      Sending file. Request path: '/lib/bootstrap/dist/css/bootstrap.css.map'. Physical path: 'C:\Users\Daniel Ledger 13HJK\Documents\CourseWork\AutoQuestion-Generator-CW\AutoQuestionGenerator\AutoQuestionGenerator\wwwroot\lib\bootstrap\dist\css\bootstrap.css.map'
info: Microsoft.AspNetCore.Hosting.Internal.WebHost[2]
      Request finished in 24.7909ms 200 text/plain


















































































