info: Microsoft.AspNetCore.DataProtection.KeyManagement.XmlKeyManager[0]
      User profile is available. Using 'C:\Users\Daniel Ledger 13HJK\AppData\Local\ASP.NET\DataProtection-Keys' as key repository and Windows DPAPI to encrypt keys at rest.
Hosting environment: Development
Content root path: C:\Users\Daniel Ledger 13HJK\Documents\CourseWork\AutoQuestion-Generator-CW\AutoQuestionGenerator\AutoQuestionGenerator
Now listening on: http://127.0.0.1:10561
Application started. Press Ctrl+C to shut down.
info: Microsoft.AspNetCore.Hosting.Internal.WebHost[1]
      Request starting HTTP/1.1 DEBUG http://localhost:64499/  0
info: Microsoft.AspNetCore.Hosting.Internal.WebHost[1]
      Request starting HTTP/1.1 GET http://localhost:44319/  
info: Microsoft.AspNetCore.Hosting.Internal.WebHost[2]
      Request finished in 50.8939ms 200 
info: Microsoft.AspNetCore.Mvc.Internal.ControllerActionInvoker[1]
      Route matched with {action = "Index", controller = "Home"}. Executing action AutoQuestionGenerator.Controllers.HomeController.Index (AutoQuestionGenerator)
info: Microsoft.AspNetCore.Mvc.Internal.ControllerActionInvoker[1]
      Executing action method AutoQuestionGenerator.Controllers.HomeController.Index (AutoQuestionGenerator) - Validation state: Valid
info: Microsoft.AspNetCore.Mvc.Internal.ControllerActionInvoker[2]
      Executed action method AutoQuestionGenerator.Controllers.HomeController.Index (AutoQuestionGenerator), returned result Microsoft.AspNetCore.Mvc.ViewResult in 1.4388ms.
info: Microsoft.AspNetCore.Mvc.ViewFeatures.ViewResultExecutor[1]
      Executing ViewResult, running view Index.
info: Microsoft.AspNetCore.Session.DistributedSession[2]
      Accessing expired session, Key:d93ca47e-89b3-261c-5e73-382befc10c8b
info: Microsoft.AspNetCore.Mvc.ViewFeatures.ViewResultExecutor[4]
      Executed ViewResult - view Index executed in 224.2252ms.
info: Microsoft.AspNetCore.Mvc.Internal.ControllerActionInvoker[2]
      Executed action AutoQuestionGenerator.Controllers.HomeController.Index (AutoQuestionGenerator) in 277.3546ms
info: Microsoft.AspNetCore.Hosting.Internal.WebHost[2]
      Request finished in 682.1931ms 200 text/html; charset=utf-8
info: Microsoft.AspNetCore.Hosting.Internal.WebHost[1]
      Request starting HTTP/1.1 GET http://localhost:44319/User/Login  
info: Microsoft.AspNetCore.Mvc.Internal.ControllerActionInvoker[1]
      Route matched with {action = "Login", controller = "User"}. Executing action AutoQuestionGenerator.Controllers.UserController.Login (AutoQuestionGenerator)
info: Microsoft.AspNetCore.Mvc.Internal.ControllerActionInvoker[1]
      Executing action method AutoQuestionGenerator.Controllers.UserController.Login (AutoQuestionGenerator) - Validation state: Valid
info: Microsoft.AspNetCore.Mvc.Internal.ControllerActionInvoker[2]
      Executed action method AutoQuestionGenerator.Controllers.UserController.Login (AutoQuestionGenerator), returned result Microsoft.AspNetCore.Mvc.ViewResult in 0.6432ms.
info: Microsoft.AspNetCore.Mvc.ViewFeatures.ViewResultExecutor[1]
      Executing ViewResult, running view Login.
info: Microsoft.AspNetCore.Session.DistributedSession[2]
      Accessing expired session, Key:d93ca47e-89b3-261c-5e73-382befc10c8b
info: Microsoft.AspNetCore.Mvc.ViewFeatures.ViewResultExecutor[4]
      Executed ViewResult - view Login executed in 66.3079ms.
info: Microsoft.AspNetCore.Mvc.Internal.ControllerActionInvoker[2]
      Executed action AutoQuestionGenerator.Controllers.UserController.Login (AutoQuestionGenerator) in 77.8608ms
info: Microsoft.AspNetCore.Hosting.Internal.WebHost[2]
      Request finished in 97.3611ms 200 text/html; charset=utf-8
info: Microsoft.AspNetCore.Hosting.Internal.WebHost[1]
      Request starting HTTP/1.1 POST http://localhost:44319/User/Login application/x-www-form-urlencoded 234
info: Microsoft.AspNetCore.Mvc.Internal.ControllerActionInvoker[1]
      Route matched with {action = "Login", controller = "User"}. Executing action AutoQuestionGenerator.Controllers.UserController.Login (AutoQuestionGenerator)
info: Microsoft.AspNetCore.Mvc.Internal.ControllerActionInvoker[1]
      Executing action method AutoQuestionGenerator.Controllers.UserController.Login (AutoQuestionGenerator) with arguments (AutoQuestionGenerator.Models.LoginViewModel, ) - Validation state: Valid
info: Microsoft.AspNetCore.Session.DistributedSession[2]
      Accessing expired session, Key:d93ca47e-89b3-261c-5e73-382befc10c8b
info: Microsoft.AspNetCore.Mvc.Internal.ControllerActionInvoker[2]
      Executed action method AutoQuestionGenerator.Controllers.UserController.Login (AutoQuestionGenerator), returned result Microsoft.AspNetCore.Mvc.RedirectToActionResult in 334.5191ms.
info: Microsoft.AspNetCore.Mvc.RedirectToActionResult[1]
      Executing RedirectResult, redirecting to /.
info: Microsoft.AspNetCore.Mvc.Internal.ControllerActionInvoker[2]
      Executed action AutoQuestionGenerator.Controllers.UserController.Login (AutoQuestionGenerator) in 395.9319ms
info: Microsoft.AspNetCore.Session.DistributedSession[3]
      Session started; Key:d93ca47e-89b3-261c-5e73-382befc10c8b, Id:7e4212c9-03e4-4319-4f12-282fc14dde7d
info: Microsoft.AspNetCore.Hosting.Internal.WebHost[2]
      Request finished in 425.8047ms 302 
info: Microsoft.AspNetCore.Hosting.Internal.WebHost[1]
      Request starting HTTP/1.1 GET http://localhost:44319/  
info: Microsoft.AspNetCore.Mvc.Internal.ControllerActionInvoker[1]
      Route matched with {action = "Index", controller = "Home"}. Executing action AutoQuestionGenerator.Controllers.HomeController.Index (AutoQuestionGenerator)
info: Microsoft.AspNetCore.Mvc.Internal.ControllerActionInvoker[1]
      Executing action method AutoQuestionGenerator.Controllers.HomeController.Index (AutoQuestionGenerator) - Validation state: Valid
info: Microsoft.AspNetCore.Mvc.Internal.ControllerActionInvoker[2]
      Executed action method AutoQuestionGenerator.Controllers.HomeController.Index (AutoQuestionGenerator), returned result Microsoft.AspNetCore.Mvc.ViewResult in 0.0405ms.
info: Microsoft.AspNetCore.Mvc.ViewFeatures.ViewResultExecutor[1]
      Executing ViewResult, running view Index.
info: Microsoft.AspNetCore.Mvc.ViewFeatures.ViewResultExecutor[4]
      Executed ViewResult - view Index executed in 46.4107ms.
info: Microsoft.AspNetCore.Mvc.Internal.ControllerActionInvoker[2]
      Executed action AutoQuestionGenerator.Controllers.HomeController.Index (AutoQuestionGenerator) in 53.3536ms
info: Microsoft.AspNetCore.Hosting.Internal.WebHost[2]
      Request finished in 61.0372ms 200 text/html; charset=utf-8
info: Microsoft.AspNetCore.Hosting.Internal.WebHost[1]
      Request starting HTTP/1.1 GET http://localhost:44319/Work/Set  
info: Microsoft.AspNetCore.Mvc.Internal.ControllerActionInvoker[1]
      Route matched with {action = "Set", controller = "Work"}. Executing action AutoQuestionGenerator.Controllers.WorkController.Set (AutoQuestionGenerator)
info: Microsoft.AspNetCore.Mvc.Internal.ControllerActionInvoker[1]
      Executing action method AutoQuestionGenerator.Controllers.WorkController.Set (AutoQuestionGenerator) - Validation state: Valid
info: Microsoft.AspNetCore.Mvc.Internal.ControllerActionInvoker[2]
      Executed action method AutoQuestionGenerator.Controllers.WorkController.Set (AutoQuestionGenerator), returned result Microsoft.AspNetCore.Mvc.ViewResult in 70.6742ms.
info: Microsoft.AspNetCore.Mvc.ViewFeatures.ViewResultExecutor[1]
      Executing ViewResult, running view Set.
info: Microsoft.AspNetCore.Mvc.ViewFeatures.ViewResultExecutor[4]
      Executed ViewResult - view Set executed in 25.6691ms.
info: Microsoft.AspNetCore.Mvc.Internal.ControllerActionInvoker[2]
      Executed action AutoQuestionGenerator.Controllers.WorkController.Set (AutoQuestionGenerator) in 110.0174ms
info: Microsoft.AspNetCore.Hosting.Internal.WebHost[2]
      Request finished in 119.6215ms 200 text/html; charset=utf-8
info: Microsoft.AspNetCore.Hosting.Internal.WebHost[1]
      Request starting HTTP/1.1 GET http://localhost:44319/Set/Results?setID=43  
info: Microsoft.AspNetCore.Mvc.Internal.ControllerActionInvoker[1]
      Route matched with {action = "Results", controller = "Set"}. Executing action AutoQuestionGenerator.Controllers.SetController.Results (AutoQuestionGenerator)
info: Microsoft.AspNetCore.Mvc.Internal.ControllerActionInvoker[1]
      Executing action method AutoQuestionGenerator.Controllers.SetController.Results (AutoQuestionGenerator) with arguments (43) - Validation state: Valid
info: Microsoft.AspNetCore.Mvc.Internal.ControllerActionInvoker[2]
      Executed action method AutoQuestionGenerator.Controllers.SetController.Results (AutoQuestionGenerator), returned result Microsoft.AspNetCore.Mvc.ViewResult in 171.5928ms.
info: Microsoft.AspNetCore.Mvc.ViewFeatures.ViewResultExecutor[1]
      Executing ViewResult, running view Results.
info: Microsoft.AspNetCore.Mvc.ViewFeatures.ViewResultExecutor[4]
      Executed ViewResult - view Results executed in 1772.579ms.
info: Microsoft.AspNetCore.Mvc.Internal.ControllerActionInvoker[2]
      Executed action AutoQuestionGenerator.Controllers.SetController.Results (AutoQuestionGenerator) in 1957.3057ms
info: Microsoft.AspNetCore.Hosting.Internal.WebHost[2]
      Request finished in 1969.1356ms 200 text/html; charset=utf-8
info: Microsoft.AspNetCore.Hosting.Internal.WebHost[1]
      Request starting HTTP/1.1 GET http://localhost:44319/lib/bootstrap/dist/css/bootstrap.css.map  
info: Microsoft.AspNetCore.StaticFiles.StaticFileMiddleware[2]
      Sending file. Request path: '/lib/bootstrap/dist/css/bootstrap.css.map'. Physical path: 'C:\Users\Daniel Ledger 13HJK\Documents\CourseWork\AutoQuestion-Generator-CW\AutoQuestionGenerator\AutoQuestionGenerator\wwwroot\lib\bootstrap\dist\css\bootstrap.css.map'
info: Microsoft.AspNetCore.Hosting.Internal.WebHost[2]
      Request finished in 61.3804ms 200 text/plain
info: Microsoft.AspNetCore.Hosting.Internal.WebHost[1]
      Request starting HTTP/1.1 GET http://localhost:44319/Set/Results?setID=43  
info: Microsoft.AspNetCore.Mvc.Internal.ControllerActionInvoker[1]
      Route matched with {action = "Results", controller = "Set"}. Executing action AutoQuestionGenerator.Controllers.SetController.Results (AutoQuestionGenerator)
info: Microsoft.AspNetCore.Mvc.Internal.ControllerActionInvoker[1]
      Executing action method AutoQuestionGenerator.Controllers.SetController.Results (AutoQuestionGenerator) with arguments (43) - Validation state: Valid
info: Microsoft.AspNetCore.Mvc.Internal.ControllerActionInvoker[2]
      Executed action method AutoQuestionGenerator.Controllers.SetController.Results (AutoQuestionGenerator), returned result Microsoft.AspNetCore.Mvc.ViewResult in 165.7804ms.
info: Microsoft.AspNetCore.Mvc.ViewFeatures.ViewResultExecutor[1]
      Executing ViewResult, running view Results.
info: Microsoft.AspNetCore.Mvc.ViewFeatures.ViewResultExecutor[4]
      Executed ViewResult - view Results executed in 2533.0295ms.
info: Microsoft.AspNetCore.Mvc.Internal.ControllerActionInvoker[2]
      Executed action AutoQuestionGenerator.Controllers.SetController.Results (AutoQuestionGenerator) in 2707.795ms
info: Microsoft.AspNetCore.Hosting.Internal.WebHost[2]
      Request finished in 2717.4633ms 200 text/html; charset=utf-8
info: Microsoft.AspNetCore.Hosting.Internal.WebHost[1]
      Request starting HTTP/1.1 GET http://localhost:44319/lib/bootstrap/dist/css/bootstrap.css  
info: Microsoft.AspNetCore.Hosting.Internal.WebHost[1]
      Request starting HTTP/1.1 GET http://localhost:44319/css/site.css  
info: Microsoft.AspNetCore.Hosting.Internal.WebHost[1]
      Request starting HTTP/1.1 GET http://localhost:44319/js/jquery.min.js?v=ZGDrEDepi7wiK__KLmduhM4g4yA-Dq7yXUoaGHQoqz8  
info: Microsoft.AspNetCore.Hosting.Internal.WebHost[1]
      Request starting HTTP/1.1 GET http://localhost:44319/js/site.js?v=ZBsQuj-Kqaj8ZDwbsPwajQCn74KMNj3byWYsbd7BB0s  
info: Microsoft.AspNetCore.StaticFiles.StaticFileMiddleware[2]
      Sending file. Request path: '/css/site.css'. Physical path: 'C:\Users\Daniel Ledger 13HJK\Documents\CourseWork\AutoQuestion-Generator-CW\AutoQuestionGenerator\AutoQuestionGenerator\wwwroot\css\site.css'
info: Microsoft.AspNetCore.StaticFiles.StaticFileMiddleware[2]
      Sending file. Request path: '/lib/bootstrap/dist/css/bootstrap.css'. Physical path: 'C:\Users\Daniel Ledger 13HJK\Documents\CourseWork\AutoQuestion-Generator-CW\AutoQuestionGenerator\AutoQuestionGenerator\wwwroot\lib\bootstrap\dist\css\bootstrap.css'
info: Microsoft.AspNetCore.Hosting.Internal.WebHost[2]
      Request finished in 57.2798ms 200 text/css
info: Microsoft.AspNetCore.Hosting.Internal.WebHost[2]
      Request finished in 52.4662ms 200 text/css
info: Microsoft.AspNetCore.Hosting.Internal.WebHost[1]
      Request starting HTTP/1.1 GET http://localhost:44319/lib/chartjs/utils.js?v=ydbn73Etkp4uFy3JSw1P1V-dieLrHWeV8pdYgpWFzp4  
info: Microsoft.AspNetCore.StaticFiles.StaticFileMiddleware[2]
      Sending file. Request path: '/js/site.js'. Physical path: 'C:\Users\Daniel Ledger 13HJK\Documents\CourseWork\AutoQuestion-Generator-CW\AutoQuestionGenerator\AutoQuestionGenerator\wwwroot\js\site.js'
info: Microsoft.AspNetCore.StaticFiles.StaticFileMiddleware[2]
      Sending file. Request path: '/js/jquery.min.js'. Physical path: 'C:\Users\Daniel Ledger 13HJK\Documents\CourseWork\AutoQuestion-Generator-CW\AutoQuestionGenerator\AutoQuestionGenerator\wwwroot\js\jquery.min.js'
info: Microsoft.AspNetCore.Hosting.Internal.WebHost[2]
      Request finished in 58.2714ms 200 application/javascript
info: Microsoft.AspNetCore.StaticFiles.StaticFileMiddleware[2]
      Sending file. Request path: '/lib/chartjs/utils.js'. Physical path: 'C:\Users\Daniel Ledger 13HJK\Documents\CourseWork\AutoQuestion-Generator-CW\AutoQuestionGenerator\AutoQuestionGenerator\wwwroot\lib\chartjs\utils.js'
info: Microsoft.AspNetCore.Hosting.Internal.WebHost[2]
      Request finished in 74.5548ms 200 application/javascript
info: Microsoft.AspNetCore.Hosting.Internal.WebHost[1]
      Request starting HTTP/1.1 GET http://localhost:44319/lib/chartjs/Chart.js?v=rjYnB0Bull7k2XkbJ03UNGqMuMieR769uQVGSSlsi6A  
info: Microsoft.AspNetCore.Hosting.Internal.WebHost[2]
      Request finished in 40.5239ms 200 application/javascript
info: Microsoft.AspNetCore.StaticFiles.StaticFileMiddleware[2]
      Sending file. Request path: '/lib/chartjs/Chart.js'. Physical path: 'C:\Users\Daniel Ledger 13HJK\Documents\CourseWork\AutoQuestion-Generator-CW\AutoQuestionGenerator\AutoQuestionGenerator\wwwroot\lib\chartjs\Chart.js'
info: Microsoft.AspNetCore.Hosting.Internal.WebHost[2]
      Request finished in 26.4703ms 200 application/javascript
info: Microsoft.AspNetCore.Hosting.Internal.WebHost[1]
      Request starting HTTP/1.1 GET http://localhost:44319/lib/bootstrap/dist/css/bootstrap.css.map  
info: Microsoft.AspNetCore.StaticFiles.StaticFileMiddleware[2]
      Sending file. Request path: '/lib/bootstrap/dist/css/bootstrap.css.map'. Physical path: 'C:\Users\Daniel Ledger 13HJK\Documents\CourseWork\AutoQuestion-Generator-CW\AutoQuestionGenerator\AutoQuestionGenerator\wwwroot\lib\bootstrap\dist\css\bootstrap.css.map'
info: Microsoft.AspNetCore.Hosting.Internal.WebHost[2]
      Request finished in 28.1549ms 200 text/plain
info: Microsoft.AspNetCore.Hosting.Internal.WebHost[1]
      Request starting HTTP/1.1 GET http://localhost:44319/favicon.ico  
info: Microsoft.AspNetCore.StaticFiles.StaticFileMiddleware[2]
      Sending file. Request path: '/favicon.ico'. Physical path: 'C:\Users\Daniel Ledger 13HJK\Documents\CourseWork\AutoQuestion-Generator-CW\AutoQuestionGenerator\AutoQuestionGenerator\wwwroot\favicon.ico'
info: Microsoft.AspNetCore.Hosting.Internal.WebHost[2]
      Request finished in 21.3458ms 200 image/x-icon
info: Microsoft.AspNetCore.Hosting.Internal.WebHost[1]
      Request starting HTTP/1.1 GET http://localhost:44319/Set/Results?setID=43  
info: Microsoft.AspNetCore.Mvc.Internal.ControllerActionInvoker[1]
      Route matched with {action = "Results", controller = "Set"}. Executing action AutoQuestionGenerator.Controllers.SetController.Results (AutoQuestionGenerator)
info: Microsoft.AspNetCore.Mvc.Internal.ControllerActionInvoker[1]
      Executing action method AutoQuestionGenerator.Controllers.SetController.Results (AutoQuestionGenerator) with arguments (43) - Validation state: Valid
info: Microsoft.AspNetCore.Mvc.Internal.ControllerActionInvoker[2]
      Executed action method AutoQuestionGenerator.Controllers.SetController.Results (AutoQuestionGenerator), returned result Microsoft.AspNetCore.Mvc.ViewResult in 91.9093ms.
info: Microsoft.AspNetCore.Mvc.ViewFeatures.ViewResultExecutor[1]
      Executing ViewResult, running view Results.
info: Microsoft.AspNetCore.Mvc.ViewFeatures.ViewResultExecutor[4]
      Executed ViewResult - view Results executed in 307.862ms.
info: Microsoft.AspNetCore.Mvc.Internal.ControllerActionInvoker[2]
      Executed action AutoQuestionGenerator.Controllers.SetController.Results (AutoQuestionGenerator) in 409.0447ms
info: Microsoft.AspNetCore.Hosting.Internal.WebHost[2]
      Request finished in 418.4868ms 200 text/html; charset=utf-8
info: Microsoft.AspNetCore.Hosting.Internal.WebHost[1]
      Request starting HTTP/1.1 GET http://localhost:44319/css/site.css  
info: Microsoft.AspNetCore.Hosting.Internal.WebHost[1]
      Request starting HTTP/1.1 GET http://localhost:44319/js/jquery.min.js?v=ZGDrEDepi7wiK__KLmduhM4g4yA-Dq7yXUoaGHQoqz8  
info: Microsoft.AspNetCore.Hosting.Internal.WebHost[1]
      Request starting HTTP/1.1 GET http://localhost:44319/lib/bootstrap/dist/css/bootstrap.css  
info: Microsoft.AspNetCore.Hosting.Internal.WebHost[1]
      Request starting HTTP/1.1 GET http://localhost:44319/lib/chartjs/utils.js?v=ydbn73Etkp4uFy3JSw1P1V-dieLrHWeV8pdYgpWFzp4  
info: Microsoft.AspNetCore.Hosting.Internal.WebHost[1]
      Request starting HTTP/1.1 GET http://localhost:44319/js/site.js?v=ZBsQuj-Kqaj8ZDwbsPwajQCn74KMNj3byWYsbd7BB0s  
info: Microsoft.AspNetCore.Hosting.Internal.WebHost[1]
      Request starting HTTP/1.1 GET http://localhost:44319/lib/chartjs/Chart.js?v=rjYnB0Bull7k2XkbJ03UNGqMuMieR769uQVGSSlsi6A  
info: Microsoft.AspNetCore.StaticFiles.StaticFileMiddleware[2]
      Sending file. Request path: '/css/site.css'. Physical path: 'C:\Users\Daniel Ledger 13HJK\Documents\CourseWork\AutoQuestion-Generator-CW\AutoQuestionGenerator\AutoQuestionGenerator\wwwroot\css\site.css'
info: Microsoft.AspNetCore.StaticFiles.StaticFileMiddleware[2]
      Sending file. Request path: '/js/jquery.min.js'. Physical path: 'C:\Users\Daniel Ledger 13HJK\Documents\CourseWork\AutoQuestion-Generator-CW\AutoQuestionGenerator\AutoQuestionGenerator\wwwroot\js\jquery.min.js'
info: Microsoft.AspNetCore.StaticFiles.StaticFileMiddleware[2]
      Sending file. Request path: '/lib/chartjs/utils.js'. Physical path: 'C:\Users\Daniel Ledger 13HJK\Documents\CourseWork\AutoQuestion-Generator-CW\AutoQuestionGenerator\AutoQuestionGenerator\wwwroot\lib\chartjs\utils.js'
info: Microsoft.AspNetCore.StaticFiles.StaticFileMiddleware[2]
      Sending file. Request path: '/js/site.js'. Physical path: 'C:\Users\Daniel Ledger 13HJK\Documents\CourseWork\AutoQuestion-Generator-CW\AutoQuestionGenerator\AutoQuestionGenerator\wwwroot\js\site.js'
info: Microsoft.AspNetCore.Hosting.Internal.WebHost[2]
      Request finished in 55.7404ms 200 application/javascript
info: Microsoft.AspNetCore.Hosting.Internal.WebHost[2]
      Request finished in 47.0283ms 200 application/javascript
info: Microsoft.AspNetCore.Hosting.Internal.WebHost[2]
      Request finished in 67.6714ms 200 application/javascript
info: Microsoft.AspNetCore.StaticFiles.StaticFileMiddleware[2]
      Sending file. Request path: '/lib/bootstrap/dist/css/bootstrap.css'. Physical path: 'C:\Users\Daniel Ledger 13HJK\Documents\CourseWork\AutoQuestion-Generator-CW\AutoQuestionGenerator\AutoQuestionGenerator\wwwroot\lib\bootstrap\dist\css\bootstrap.css'
info: Microsoft.AspNetCore.Hosting.Internal.WebHost[2]
      Request finished in 82.5375ms 200 text/css
info: Microsoft.AspNetCore.Hosting.Internal.WebHost[2]
      Request finished in 82.7273ms 200 text/css
info: Microsoft.AspNetCore.StaticFiles.StaticFileMiddleware[2]
      Sending file. Request path: '/lib/chartjs/Chart.js'. Physical path: 'C:\Users\Daniel Ledger 13HJK\Documents\CourseWork\AutoQuestion-Generator-CW\AutoQuestionGenerator\AutoQuestionGenerator\wwwroot\lib\chartjs\Chart.js'
info: Microsoft.AspNetCore.Hosting.Internal.WebHost[2]
      Request finished in 79.6116ms 200 application/javascript
info: Microsoft.AspNetCore.Hosting.Internal.WebHost[1]
      Request starting HTTP/1.1 GET http://localhost:44319/lib/bootstrap/dist/css/bootstrap.css.map  
info: Microsoft.AspNetCore.StaticFiles.StaticFileMiddleware[2]
      Sending file. Request path: '/lib/bootstrap/dist/css/bootstrap.css.map'. Physical path: 'C:\Users\Daniel Ledger 13HJK\Documents\CourseWork\AutoQuestion-Generator-CW\AutoQuestionGenerator\AutoQuestionGenerator\wwwroot\lib\bootstrap\dist\css\bootstrap.css.map'
info: Microsoft.AspNetCore.Hosting.Internal.WebHost[2]
      Request finished in 25.4993ms 200 text/plain
info: Microsoft.AspNetCore.Hosting.Internal.WebHost[1]
      Request starting HTTP/1.1 GET http://localhost:44319/favicon.ico  
info: Microsoft.AspNetCore.StaticFiles.StaticFileMiddleware[2]
      Sending file. Request path: '/favicon.ico'. Physical path: 'C:\Users\Daniel Ledger 13HJK\Documents\CourseWork\AutoQuestion-Generator-CW\AutoQuestionGenerator\AutoQuestionGenerator\wwwroot\favicon.ico'
info: Microsoft.AspNetCore.Hosting.Internal.WebHost[2]
      Request finished in 14.6614ms 200 image/x-icon













































































































































































