info: Microsoft.AspNetCore.DataProtection.KeyManagement.XmlKeyManager[0]
      User profile is available. Using 'C:\Users\Daniel Ledger 13HJK\AppData\Local\ASP.NET\DataProtection-Keys' as key repository and Windows DPAPI to encrypt keys at rest.
Hosting environment: Development
Content root path: C:\Users\Daniel Ledger 13HJK\Documents\CourseWork\AutoQuestion-Generator-CW\AutoQuestionGenerator\AutoQuestionGenerator
Now listening on: http://127.0.0.1:14189
Application started. Press Ctrl+C to shut down.
info: Microsoft.AspNetCore.Hosting.Internal.WebHost[1]
      Request starting HTTP/1.1 DEBUG http://localhost:64499/  0
info: Microsoft.AspNetCore.Hosting.Internal.WebHost[1]
      Request starting HTTP/1.1 GET http://localhost:44319/  
info: Microsoft.AspNetCore.Hosting.Internal.WebHost[2]
      Request finished in 43.3057ms 200 
info: Microsoft.AspNetCore.Mvc.Internal.ControllerActionInvoker[1]
      Route matched with {action = "Index", controller = "Home"}. Executing action AutoQuestionGenerator.Controllers.HomeController.Index (AutoQuestionGenerator)
info: Microsoft.AspNetCore.Mvc.Internal.ControllerActionInvoker[1]
      Executing action method AutoQuestionGenerator.Controllers.HomeController.Index (AutoQuestionGenerator) - Validation state: Valid
info: Microsoft.AspNetCore.Mvc.Internal.ControllerActionInvoker[2]
      Executed action method AutoQuestionGenerator.Controllers.HomeController.Index (AutoQuestionGenerator), returned result Microsoft.AspNetCore.Mvc.ViewResult in 1.4029ms.
info: Microsoft.AspNetCore.Mvc.ViewFeatures.ViewResultExecutor[1]
      Executing ViewResult, running view Index.
info: Microsoft.AspNetCore.Session.DistributedSession[2]
      Accessing expired session, Key:f4c7e0b5-6430-2825-768b-4cbdfcac3aaf
info: Microsoft.AspNetCore.Mvc.ViewFeatures.ViewResultExecutor[4]
      Executed ViewResult - view Index executed in 188.6118ms.
info: Microsoft.AspNetCore.Mvc.Internal.ControllerActionInvoker[2]
      Executed action AutoQuestionGenerator.Controllers.HomeController.Index (AutoQuestionGenerator) in 225.0167ms
info: Microsoft.AspNetCore.Hosting.Internal.WebHost[2]
      Request finished in 525.6927ms 200 text/html; charset=utf-8
info: Microsoft.AspNetCore.Hosting.Internal.WebHost[1]
      Request starting HTTP/1.1 GET http://localhost:44319/Work/Later  
info: Microsoft.AspNetCore.Mvc.Internal.ControllerActionInvoker[1]
      Route matched with {action = "Later", controller = "Work"}. Executing action AutoQuestionGenerator.Controllers.WorkController.Later (AutoQuestionGenerator)
info: Microsoft.AspNetCore.Session.DistributedSession[2]
      Accessing expired session, Key:f4c7e0b5-6430-2825-768b-4cbdfcac3aaf
info: Microsoft.AspNetCore.Mvc.Infrastructure.RedirectResultExecutor[1]
      Executing RedirectResult, redirecting to /User/Login?returnUrl=/Work/Later.
info: Microsoft.AspNetCore.Mvc.Internal.ControllerActionInvoker[2]
      Executed action AutoQuestionGenerator.Controllers.WorkController.Later (AutoQuestionGenerator) in 13.5011ms
info: Microsoft.AspNetCore.Hosting.Internal.WebHost[2]
      Request finished in 24.4077ms 302 
info: Microsoft.AspNetCore.Hosting.Internal.WebHost[1]
      Request starting HTTP/1.1 GET http://localhost:44319/User/Login?returnUrl=/Work/Later  
info: Microsoft.AspNetCore.Mvc.Internal.ControllerActionInvoker[1]
      Route matched with {action = "Login", controller = "User"}. Executing action AutoQuestionGenerator.Controllers.UserController.Login (AutoQuestionGenerator)
info: Microsoft.AspNetCore.Mvc.Internal.ControllerActionInvoker[1]
      Executing action method AutoQuestionGenerator.Controllers.UserController.Login (AutoQuestionGenerator) - Validation state: Valid
info: Microsoft.AspNetCore.Mvc.Internal.ControllerActionInvoker[2]
      Executed action method AutoQuestionGenerator.Controllers.UserController.Login (AutoQuestionGenerator), returned result Microsoft.AspNetCore.Mvc.ViewResult in 0.3703ms.
info: Microsoft.AspNetCore.Mvc.ViewFeatures.ViewResultExecutor[1]
      Executing ViewResult, running view Login.
info: Microsoft.AspNetCore.Session.DistributedSession[2]
      Accessing expired session, Key:f4c7e0b5-6430-2825-768b-4cbdfcac3aaf
info: Microsoft.AspNetCore.Mvc.ViewFeatures.ViewResultExecutor[4]
      Executed ViewResult - view Login executed in 38.3084ms.
info: Microsoft.AspNetCore.Mvc.Internal.ControllerActionInvoker[2]
      Executed action AutoQuestionGenerator.Controllers.UserController.Login (AutoQuestionGenerator) in 46.9282ms
info: Microsoft.AspNetCore.Hosting.Internal.WebHost[2]
      Request finished in 60.9439ms 200 text/html; charset=utf-8
info: Microsoft.AspNetCore.Hosting.Internal.WebHost[1]
      Request starting HTTP/1.1 POST http://localhost:44319/User/Login?returnUrl=/Work/Later application/x-www-form-urlencoded 242
info: Microsoft.AspNetCore.Mvc.Internal.ControllerActionInvoker[1]
      Route matched with {action = "Login", controller = "User"}. Executing action AutoQuestionGenerator.Controllers.UserController.Login (AutoQuestionGenerator)
info: Microsoft.AspNetCore.Mvc.Internal.ControllerActionInvoker[1]
      Executing action method AutoQuestionGenerator.Controllers.UserController.Login (AutoQuestionGenerator) with arguments (AutoQuestionGenerator.Models.LoginViewModel, /Work/Later) - Validation state: Valid
info: Microsoft.AspNetCore.Session.DistributedSession[2]
      Accessing expired session, Key:f4c7e0b5-6430-2825-768b-4cbdfcac3aaf
info: Microsoft.AspNetCore.Mvc.Internal.ControllerActionInvoker[2]
      Executed action method AutoQuestionGenerator.Controllers.UserController.Login (AutoQuestionGenerator), returned result Microsoft.AspNetCore.Mvc.RedirectResult in 358.4867ms.
info: Microsoft.AspNetCore.Mvc.Infrastructure.RedirectResultExecutor[1]
      Executing RedirectResult, redirecting to /Work/Later.
info: Microsoft.AspNetCore.Mvc.Internal.ControllerActionInvoker[2]
      Executed action AutoQuestionGenerator.Controllers.UserController.Login (AutoQuestionGenerator) in 414.8653ms
info: Microsoft.AspNetCore.Session.DistributedSession[3]
      Session started; Key:f4c7e0b5-6430-2825-768b-4cbdfcac3aaf, Id:d079c82c-d8c2-31d6-ee14-f20e86cb4325
info: Microsoft.AspNetCore.Hosting.Internal.WebHost[2]
      Request finished in 445.4839ms 302 
info: Microsoft.AspNetCore.Hosting.Internal.WebHost[1]
      Request starting HTTP/1.1 GET http://localhost:44319/Work/Later  
info: Microsoft.AspNetCore.Mvc.Internal.ControllerActionInvoker[1]
      Route matched with {action = "Later", controller = "Work"}. Executing action AutoQuestionGenerator.Controllers.WorkController.Later (AutoQuestionGenerator)
info: Microsoft.AspNetCore.Mvc.Internal.ControllerActionInvoker[1]
      Executing action method AutoQuestionGenerator.Controllers.WorkController.Later (AutoQuestionGenerator) - Validation state: Valid
info: Microsoft.AspNetCore.Mvc.Internal.ControllerActionInvoker[2]
      Executed action method AutoQuestionGenerator.Controllers.WorkController.Later (AutoQuestionGenerator), returned result Microsoft.AspNetCore.Mvc.ViewResult in 42.2069ms.
info: Microsoft.AspNetCore.Mvc.ViewFeatures.ViewResultExecutor[1]
      Executing ViewResult, running view Later.
info: Microsoft.AspNetCore.Mvc.ViewFeatures.ViewResultExecutor[4]
      Executed ViewResult - view Later executed in 217.4064ms.
info: Microsoft.AspNetCore.Mvc.Internal.ControllerActionInvoker[2]
      Executed action AutoQuestionGenerator.Controllers.WorkController.Later (AutoQuestionGenerator) in 270.9401ms
info: Microsoft.AspNetCore.Hosting.Internal.WebHost[2]
      Request finished in 279.7712ms 200 text/html; charset=utf-8
info: Microsoft.AspNetCore.Hosting.Internal.WebHost[1]
      Request starting HTTP/1.1 GET http://localhost:44319/Work/Set  
info: Microsoft.AspNetCore.Mvc.Internal.ControllerActionInvoker[1]
      Route matched with {action = "Set", controller = "Work"}. Executing action AutoQuestionGenerator.Controllers.WorkController.Set (AutoQuestionGenerator)
info: Microsoft.AspNetCore.Mvc.Internal.ControllerActionInvoker[1]
      Executing action method AutoQuestionGenerator.Controllers.WorkController.Set (AutoQuestionGenerator) - Validation state: Valid
info: Microsoft.AspNetCore.Mvc.Internal.ControllerActionInvoker[2]
      Executed action method AutoQuestionGenerator.Controllers.WorkController.Set (AutoQuestionGenerator), returned result Microsoft.AspNetCore.Mvc.ViewResult in 70.5163ms.
info: Microsoft.AspNetCore.Mvc.ViewFeatures.ViewResultExecutor[1]
      Executing ViewResult, running view Set.
info: Microsoft.AspNetCore.Mvc.ViewFeatures.ViewResultExecutor[4]
      Executed ViewResult - view Set executed in 27.053ms.
info: Microsoft.AspNetCore.Mvc.Internal.ControllerActionInvoker[2]
      Executed action AutoQuestionGenerator.Controllers.WorkController.Set (AutoQuestionGenerator) in 105.7034ms
info: Microsoft.AspNetCore.Hosting.Internal.WebHost[2]
      Request finished in 116.1673ms 200 text/html; charset=utf-8
info: Microsoft.AspNetCore.Hosting.Internal.WebHost[1]
      Request starting HTTP/1.1 GET http://localhost:44319/Set/Delete?setID=27  
info: Microsoft.AspNetCore.Mvc.Internal.ControllerActionInvoker[1]
      Route matched with {action = "Delete", controller = "Set"}. Executing action AutoQuestionGenerator.Controllers.SetController.Delete (AutoQuestionGenerator)
info: Microsoft.AspNetCore.Mvc.Internal.ControllerActionInvoker[1]
      Executing action method AutoQuestionGenerator.Controllers.SetController.Delete (AutoQuestionGenerator) with arguments (27) - Validation state: Valid
info: Microsoft.AspNetCore.Mvc.Internal.ControllerActionInvoker[2]
      Executed action method AutoQuestionGenerator.Controllers.SetController.Delete (AutoQuestionGenerator), returned result Microsoft.AspNetCore.Mvc.ViewResult in 23.1945ms.
info: Microsoft.AspNetCore.Mvc.ViewFeatures.ViewResultExecutor[1]
      Executing ViewResult, running view Delete.
info: Microsoft.AspNetCore.Mvc.ViewFeatures.ViewResultExecutor[4]
      Executed ViewResult - view Delete executed in 22.5744ms.
info: Microsoft.AspNetCore.Mvc.Internal.ControllerActionInvoker[2]
      Executed action AutoQuestionGenerator.Controllers.SetController.Delete (AutoQuestionGenerator) in 54.6406ms
info: Microsoft.AspNetCore.Hosting.Internal.WebHost[2]
      Request finished in 69.3221ms 200 text/html; charset=utf-8
info: Microsoft.AspNetCore.Hosting.Internal.WebHost[1]
      Request starting HTTP/1.1 GET http://localhost:44319/work/set  
info: Microsoft.AspNetCore.Mvc.Internal.ControllerActionInvoker[1]
      Route matched with {action = "Set", controller = "Work"}. Executing action AutoQuestionGenerator.Controllers.WorkController.Set (AutoQuestionGenerator)
info: Microsoft.AspNetCore.Mvc.Internal.ControllerActionInvoker[1]
      Executing action method AutoQuestionGenerator.Controllers.WorkController.Set (AutoQuestionGenerator) - Validation state: Valid
info: Microsoft.AspNetCore.Mvc.Internal.ControllerActionInvoker[2]
      Executed action method AutoQuestionGenerator.Controllers.WorkController.Set (AutoQuestionGenerator), returned result Microsoft.AspNetCore.Mvc.ViewResult in 44.0233ms.
info: Microsoft.AspNetCore.Mvc.ViewFeatures.ViewResultExecutor[1]
      Executing ViewResult, running view Set.
info: Microsoft.AspNetCore.Mvc.ViewFeatures.ViewResultExecutor[4]
      Executed ViewResult - view Set executed in 8.4438ms.
info: Microsoft.AspNetCore.Mvc.Internal.ControllerActionInvoker[2]
      Executed action AutoQuestionGenerator.Controllers.WorkController.Set (AutoQuestionGenerator) in 62.6279ms
info: Microsoft.AspNetCore.Hosting.Internal.WebHost[2]
      Request finished in 71.5253ms 200 text/html; charset=utf-8
info: Microsoft.AspNetCore.Hosting.Internal.WebHost[1]
      Request starting HTTP/1.1 GET http://localhost:44319/Set/Delete?setID=27  
info: Microsoft.AspNetCore.Mvc.Internal.ControllerActionInvoker[1]
      Route matched with {action = "Delete", controller = "Set"}. Executing action AutoQuestionGenerator.Controllers.SetController.Delete (AutoQuestionGenerator)
info: Microsoft.AspNetCore.Mvc.Internal.ControllerActionInvoker[1]
      Executing action method AutoQuestionGenerator.Controllers.SetController.Delete (AutoQuestionGenerator) with arguments (27) - Validation state: Valid
info: Microsoft.AspNetCore.Mvc.Internal.ControllerActionInvoker[2]
      Executed action method AutoQuestionGenerator.Controllers.SetController.Delete (AutoQuestionGenerator), returned result Microsoft.AspNetCore.Mvc.ViewResult in 3.9056ms.
info: Microsoft.AspNetCore.Mvc.ViewFeatures.ViewResultExecutor[1]
      Executing ViewResult, running view Delete.
info: Microsoft.AspNetCore.Mvc.ViewFeatures.ViewResultExecutor[4]
      Executed ViewResult - view Delete executed in 7.1106ms.
info: Microsoft.AspNetCore.Mvc.Internal.ControllerActionInvoker[2]
      Executed action AutoQuestionGenerator.Controllers.SetController.Delete (AutoQuestionGenerator) in 22.7359ms
info: Microsoft.AspNetCore.Hosting.Internal.WebHost[2]
      Request finished in 31.9749ms 200 text/html; charset=utf-8
info: Microsoft.AspNetCore.Hosting.Internal.WebHost[1]
      Request starting HTTP/1.1 GET http://localhost:44319/work/set  
info: Microsoft.AspNetCore.Mvc.Internal.ControllerActionInvoker[1]
      Route matched with {action = "Set", controller = "Work"}. Executing action AutoQuestionGenerator.Controllers.WorkController.Set (AutoQuestionGenerator)
info: Microsoft.AspNetCore.Mvc.Internal.ControllerActionInvoker[1]
      Executing action method AutoQuestionGenerator.Controllers.WorkController.Set (AutoQuestionGenerator) - Validation state: Valid
info: Microsoft.AspNetCore.Mvc.Internal.ControllerActionInvoker[2]
      Executed action method AutoQuestionGenerator.Controllers.WorkController.Set (AutoQuestionGenerator), returned result Microsoft.AspNetCore.Mvc.ViewResult in 36.7213ms.
info: Microsoft.AspNetCore.Mvc.ViewFeatures.ViewResultExecutor[1]
      Executing ViewResult, running view Set.
info: Microsoft.AspNetCore.Mvc.ViewFeatures.ViewResultExecutor[4]
      Executed ViewResult - view Set executed in 6.9639ms.
info: Microsoft.AspNetCore.Mvc.Internal.ControllerActionInvoker[2]
      Executed action AutoQuestionGenerator.Controllers.WorkController.Set (AutoQuestionGenerator) in 50.7642ms
info: Microsoft.AspNetCore.Hosting.Internal.WebHost[2]
      Request finished in 59.8ms 200 text/html; charset=utf-8
































































































